C:\Program Files\MSBuild\Microsoft.Cpp\v4.0\V140\Microsoft.CppBuild.targets(367,5): warning MSB8004: Intermediate Directory does not end with a trailing slash.  This build instance will add the slash as it is required to allow proper evaluation of the Intermediate Directory.
C:\Program Files\MSBuild\Microsoft.Cpp\v4.0\V140\Microsoft.CppBuild.targets(368,5): warning MSB8004: Output Directory does not end with a trailing slash.  This build instance will add the slash as it is required to allow proper evaluation of the Output Directory.
  client.cpp
c:\users\huse\documents\cppnet100\git\eazysocket\easytcpclient\easytcpclient.hpp(58): warning C4477: 'printf' : format string '%d' requires an argument of type 'int', but variadic argument 1 has type 'SOCKET'
  c:\users\huse\documents\cppnet100\git\eazysocket\easytcpclient\easytcpclient.hpp(58): note: consider using '%lld' in the format string
  c:\users\huse\documents\cppnet100\git\eazysocket\easytcpclient\easytcpclient.hpp(58): note: consider using '%Id' in the format string
  c:\users\huse\documents\cppnet100\git\eazysocket\easytcpclient\easytcpclient.hpp(58): note: consider using '%I64d' in the format string
c:\users\huse\documents\cppnet100\git\eazysocket\easytcpclient\easytcpclient.hpp(64): warning C4477: 'printf' : format string '%d' requires an argument of type 'int', but variadic argument 1 has type 'SOCKET'
  c:\users\huse\documents\cppnet100\git\eazysocket\easytcpclient\easytcpclient.hpp(64): note: consider using '%lld' in the format string
  c:\users\huse\documents\cppnet100\git\eazysocket\easytcpclient\easytcpclient.hpp(64): note: consider using '%Id' in the format string
  c:\users\huse\documents\cppnet100\git\eazysocket\easytcpclient\easytcpclient.hpp(64): note: consider using '%I64d' in the format string
c:\users\huse\documents\cppnet100\git\eazysocket\easytcpclient\easytcpclient.hpp(67): warning C4477: 'printf' : format string '%d' requires an argument of type 'int', but variadic argument 1 has type 'SOCKET'
  c:\users\huse\documents\cppnet100\git\eazysocket\easytcpclient\easytcpclient.hpp(67): note: consider using '%lld' in the format string
  c:\users\huse\documents\cppnet100\git\eazysocket\easytcpclient\easytcpclient.hpp(67): note: consider using '%Id' in the format string
  c:\users\huse\documents\cppnet100\git\eazysocket\easytcpclient\easytcpclient.hpp(67): note: consider using '%I64d' in the format string
c:\users\huse\documents\cppnet100\git\eazysocket\easytcpclient\easytcpclient.hpp(89): warning C4477: 'printf' : format string '%d' requires an argument of type 'int', but variadic argument 1 has type 'SOCKET'
  c:\users\huse\documents\cppnet100\git\eazysocket\easytcpclient\easytcpclient.hpp(89): note: consider using '%lld' in the format string
  c:\users\huse\documents\cppnet100\git\eazysocket\easytcpclient\easytcpclient.hpp(89): note: consider using '%Id' in the format string
  c:\users\huse\documents\cppnet100\git\eazysocket\easytcpclient\easytcpclient.hpp(89): note: consider using '%I64d' in the format string
c:\users\huse\documents\cppnet100\git\eazysocket\easytcpclient\easytcpclient.hpp(92): warning C4477: 'printf' : format string '%d' requires an argument of type 'int', but variadic argument 1 has type 'SOCKET'
  c:\users\huse\documents\cppnet100\git\eazysocket\easytcpclient\easytcpclient.hpp(92): note: consider using '%lld' in the format string
  c:\users\huse\documents\cppnet100\git\eazysocket\easytcpclient\easytcpclient.hpp(92): note: consider using '%Id' in the format string
  c:\users\huse\documents\cppnet100\git\eazysocket\easytcpclient\easytcpclient.hpp(92): note: consider using '%I64d' in the format string
c:\users\huse\documents\cppnet100\git\eazysocket\easytcpclient\easytcpclient.hpp(121): warning C4244: 'argument': conversion from 'SOCKET' to 'int', possible loss of data
c:\users\huse\documents\cppnet100\git\eazysocket\easytcpclient\easytcpclient.hpp(124): warning C4477: 'printf' : format string '%d' requires an argument of type 'int', but variadic argument 1 has type 'SOCKET'
  c:\users\huse\documents\cppnet100\git\eazysocket\easytcpclient\easytcpclient.hpp(124): note: consider using '%lld' in the format string
  c:\users\huse\documents\cppnet100\git\eazysocket\easytcpclient\easytcpclient.hpp(124): note: consider using '%Id' in the format string
  c:\users\huse\documents\cppnet100\git\eazysocket\easytcpclient\easytcpclient.hpp(124): note: consider using '%I64d' in the format string
c:\users\huse\documents\cppnet100\git\eazysocket\easytcpclient\easytcpclient.hpp(134): warning C4477: 'printf' : format string '%d' requires an argument of type 'int', but variadic argument 1 has type 'SOCKET'
  c:\users\huse\documents\cppnet100\git\eazysocket\easytcpclient\easytcpclient.hpp(134): note: consider using '%lld' in the format string
  c:\users\huse\documents\cppnet100\git\eazysocket\easytcpclient\easytcpclient.hpp(134): note: consider using '%Id' in the format string
  c:\users\huse\documents\cppnet100\git\eazysocket\easytcpclient\easytcpclient.hpp(134): note: consider using '%I64d' in the format string
c:\users\huse\documents\cppnet100\git\eazysocket\easytcpclient\easytcpclient.hpp(161): warning C4477: 'printf' : format string '%d' requires an argument of type 'int', but variadic argument 1 has type 'SOCKET'
  c:\users\huse\documents\cppnet100\git\eazysocket\easytcpclient\easytcpclient.hpp(161): note: consider using '%lld' in the format string
  c:\users\huse\documents\cppnet100\git\eazysocket\easytcpclient\easytcpclient.hpp(161): note: consider using '%Id' in the format string
  c:\users\huse\documents\cppnet100\git\eazysocket\easytcpclient\easytcpclient.hpp(161): note: consider using '%I64d' in the format string
c:\users\huse\documents\cppnet100\git\eazysocket\easytcpclient\easytcpclient.hpp(198): warning C4477: 'printf' : format string '%d' requires an argument of type 'int', but variadic argument 1 has type 'SOCKET'
  c:\users\huse\documents\cppnet100\git\eazysocket\easytcpclient\easytcpclient.hpp(198): note: consider using '%lld' in the format string
  c:\users\huse\documents\cppnet100\git\eazysocket\easytcpclient\easytcpclient.hpp(198): note: consider using '%Id' in the format string
  c:\users\huse\documents\cppnet100\git\eazysocket\easytcpclient\easytcpclient.hpp(198): note: consider using '%I64d' in the format string
c:\users\huse\documents\cppnet100\git\eazysocket\easytcpclient\easytcpclient.hpp(218): warning C4477: 'printf' : format string '%d' requires an argument of type 'int', but variadic argument 1 has type 'SOCKET'
  c:\users\huse\documents\cppnet100\git\eazysocket\easytcpclient\easytcpclient.hpp(218): note: consider using '%lld' in the format string
  c:\users\huse\documents\cppnet100\git\eazysocket\easytcpclient\easytcpclient.hpp(218): note: consider using '%Id' in the format string
  c:\users\huse\documents\cppnet100\git\eazysocket\easytcpclient\easytcpclient.hpp(218): note: consider using '%I64d' in the format string
c:\users\huse\documents\cppnet100\git\eazysocket\easytcpclient\easytcpclient.hpp(224): warning C4477: 'printf' : format string '%d' requires an argument of type 'int', but variadic argument 1 has type 'SOCKET'
  c:\users\huse\documents\cppnet100\git\eazysocket\easytcpclient\easytcpclient.hpp(224): note: consider using '%lld' in the format string
  c:\users\huse\documents\cppnet100\git\eazysocket\easytcpclient\easytcpclient.hpp(224): note: consider using '%Id' in the format string
  c:\users\huse\documents\cppnet100\git\eazysocket\easytcpclient\easytcpclient.hpp(224): note: consider using '%I64d' in the format string
  EasyTcpClient.vcxproj -> C:\Users\huse\Documents\CppNet100\git\EazySocket\../bin/x64/Debug\EasyTcpClient.exe
  EasyTcpClient.vcxproj -> C:\Users\huse\Documents\CppNet100\git\EazySocket\../bin/x64/Debug\EasyTcpClient.pdb (Full PDB)
