C:\Program Files (x86)\Microsoft Visual Studio\2017\Community\Common7\IDE\VC\VCTargets\Microsoft.CppBuild.targets(376,5): warning MSB8004: Intermediate 目录未以斜杠结尾。  此生成实例将添加斜杠，因为必须有这个斜杠才能正确计算 Intermediate 目录。
C:\Program Files (x86)\Microsoft Visual Studio\2017\Community\Common7\IDE\VC\VCTargets\Microsoft.CppBuild.targets(377,5): warning MSB8004: Output 目录未以斜杠结尾。  此生成实例将添加斜杠，因为必须有这个斜杠才能正确计算 Output 目录。
  server.cpp
c:\users\chenhairong\documents\git\eazysocket\depends\include\celllog.hpp(47): warning C4996: 'gmtime': This function or variable may be unsafe. Consider using gmtime_s instead. To disable deprecation, use _CRT_SECURE_NO_WARNINGS. See online help for details.
  c:\program files (x86)\windows kits\10\include\10.0.17763.0\ucrt\time.h(496): note: 参见“gmtime”的声明
c:\users\chenhairong\documents\git\eazysocket\depends\include\celllog.hpp(87): warning C4996: 'fopen': This function or variable may be unsafe. Consider using fopen_s instead. To disable deprecation, use _CRT_SECURE_NO_WARNINGS. See online help for details.
  c:\program files (x86)\windows kits\10\include\10.0.17763.0\ucrt\stdio.h(208): note: 参见“fopen”的声明
c:\users\chenhairong\documents\git\eazysocket\depends\include\cellserver.hpp(155): warning C4244: “参数”: 从“SOCKET”转换到“int”，可能丢失数据
c:\users\chenhairong\documents\git\eazysocket\depends\include\easytcpserver.hpp(237): warning C4244: “参数”: 从“SOCKET”转换到“int”，可能丢失数据
c:\users\chenhairong\documents\git\eazysocket\depends\include\cellmsgstream.hpp(65): warning C4267: “参数”: 从“size_t”转换到“uint32_t”，可能丢失数据
c:\users\chenhairong\documents\git\eazysocket\depends\include\cellmsgstream.hpp(70): warning C4267: “参数”: 从“size_t”转换到“uint32_t”，可能丢失数据
c:\users\chenhairong\documents\git\eazysocket\easytcpserver\server.cpp(24): warning C4996: 'scanf': This function or variable may be unsafe. Consider using scanf_s instead. To disable deprecation, use _CRT_SECURE_NO_WARNINGS. See online help for details.
  c:\program files (x86)\windows kits\10\include\10.0.17763.0\ucrt\stdio.h(1274): note: 参见“scanf”的声明
c:\users\chenhairong\documents\git\eazysocket\easytcpserver\server.cpp(101): warning C4267: “参数”: 从“size_t”转换到“uint32_t”，可能丢失数据
c:\users\chenhairong\documents\git\eazysocket\easytcpserver\server.cpp(102): warning C4267: “参数”: 从“size_t”转换到“uint32_t”，可能丢失数据
c:\users\chenhairong\documents\git\eazysocket\easytcpserver\server.cpp(168): warning C4996: 'scanf': This function or variable may be unsafe. Consider using scanf_s instead. To disable deprecation, use _CRT_SECURE_NO_WARNINGS. See online help for details.
  c:\program files (x86)\windows kits\10\include\10.0.17763.0\ucrt\stdio.h(1274): note: 参见“scanf”的声明
c:\users\chenhairong\documents\git\eazysocket\depends\include\cellobjectpool.hpp(127): warning C4477: “printf”: 格式字符串“%x”需要类型“unsigned int”的参数，但可变参数 1 拥有了类型“CELLObjectPool<T,10000>::NodeHeader *”
          with
          [
              T=CellClient
          ]
  c:\users\chenhairong\documents\git\eazysocket\depends\include\cellobjectpool.hpp(104): note: 编译 类 模板 成员函数 "void *CELLObjectPool<T,10000>::allocObjMemory(size_t)" 时
          with
          [
              T=CellClient
          ]
  c:\users\chenhairong\documents\git\eazysocket\depends\include\cellobjectpool.hpp(151): note: 参见对正在编译的函数 模板 实例化“void *CELLObjectPool<T,10000>::allocObjMemory(size_t)”的引用
          with
          [
              T=CellClient
          ]
  c:\users\chenhairong\documents\git\eazysocket\depends\include\cellobjectpool.hpp(156): note: 参见对正在编译的 类 模板 实例化 "CELLObjectPool<T,10000>" 的引用
          with
          [
              T=CellClient
          ]
  c:\users\chenhairong\documents\git\eazysocket\depends\include\cellobjectpool.hpp(155): note: 编译 类 模板 成员函数 "void ObjectPoolBase<CellClient,10000>::operator delete(void *)" 时
  c:\users\chenhairong\documents\git\eazysocket\depends\include\cellserver.hpp(356): note: 参见对正在编译的函数 模板 实例化“void ObjectPoolBase<CellClient,10000>::operator delete(void *)”的引用
  c:\users\chenhairong\documents\git\eazysocket\depends\include\cellclient.hpp(20): note: 参见对正在编译的 类 模板 实例化 "ObjectPoolBase<CellClient,10000>" 的引用
c:\users\chenhairong\documents\git\eazysocket\depends\include\cellobjectpool.hpp(127): warning C4313: “printf”: 格式字符串中的“%x”与“CELLObjectPool<T,10000>::NodeHeader *”类型的参数 1 冲突
          with
          [
              T=CellClient
          ]
c:\users\chenhairong\documents\git\eazysocket\depends\include\cellobjectpool.hpp(127): warning C4477: “printf”: 格式字符串“%d”需要类型“int”的参数，但可变参数 3 拥有了类型“size_t”
  c:\users\chenhairong\documents\git\eazysocket\depends\include\cellobjectpool.hpp(127): note: 请考虑在格式字符串中使用“%zd”
c:\users\chenhairong\documents\git\eazysocket\depends\include\cellobjectpool.hpp(62): warning C4267: “=”: 从“size_t”转换到“int”，可能丢失数据
  c:\users\chenhairong\documents\git\eazysocket\depends\include\cellobjectpool.hpp(41): note: 编译 类 模板 成员函数 "void CELLObjectPool<T,10000>::initPool(void)" 时
          with
          [
              T=CellClient
          ]
  c:\users\chenhairong\documents\git\eazysocket\depends\include\cellobjectpool.hpp(108): note: 参见对正在编译的函数 模板 实例化“void CELLObjectPool<T,10000>::initPool(void)”的引用
          with
          [
              T=CellClient
          ]
c:\users\chenhairong\documents\git\eazysocket\depends\include\celllog.hpp(67): warning C4996: 'gmtime': This function or variable may be unsafe. Consider using gmtime_s instead. To disable deprecation, use _CRT_SECURE_NO_WARNINGS. See online help for details.
  c:\program files (x86)\windows kits\10\include\10.0.17763.0\ucrt\time.h(496): note: 参见“gmtime”的声明
  c:\users\chenhairong\documents\git\eazysocket\depends\include\celllog.hpp(90): note: 参见对正在编译的函数 模板 实例化“void CellLog::Info<const char*,const char*>(const char *,const char *,const char *)”的引用
c:\users\chenhairong\documents\git\eazysocket\depends\include\cellstream.hpp(79): warning C4267: “参数”: 从“size_t”转换到“int”，可能丢失数据
  c:\users\chenhairong\documents\git\eazysocket\depends\include\cellstream.hpp(126): note: 参见对正在编译的函数 模板 实例化“bool CellStream::Read<int8_t>(T &,bool)”的引用
          with
          [
              T=int8_t
          ]
c:\users\chenhairong\documents\git\eazysocket\depends\include\cellstream.hpp(85): warning C4267: “参数”: 从“size_t”转换到“int”，可能丢失数据
c:\users\chenhairong\documents\git\eazysocket\depends\include\cellstream.hpp(192): warning C4267: “参数”: 从“size_t”转换到“int”，可能丢失数据
  c:\users\chenhairong\documents\git\eazysocket\depends\include\cellstream.hpp(223): note: 参见对正在编译的函数 模板 实例化“bool CellStream::Write<int8_t>(T)”的引用
          with
          [
              T=int8_t
          ]
c:\users\chenhairong\documents\git\eazysocket\depends\include\cellstream.hpp(197): warning C4267: “参数”: 从“size_t”转换到“int”，可能丢失数据
c:\users\chenhairong\documents\git\eazysocket\depends\include\cellstream.hpp(208): warning C4267: “参数”: 从“size_t”转换到“int”，可能丢失数据
  c:\users\chenhairong\documents\git\eazysocket\depends\include\cellmsgstream.hpp(60): note: 参见对正在编译的函数 模板 实例化“bool CellStream::WriteArray<const char>(T *,uint32_t)”的引用
          with
          [
              T=const char
          ]
c:\users\chenhairong\documents\git\eazysocket\depends\include\cellstream.hpp(215): warning C4267: “参数”: 从“size_t”转换到“int”，可能丢失数据
c:\users\chenhairong\documents\git\eazysocket\depends\include\cellstream.hpp(109): warning C4267: “参数”: 从“size_t”转换到“int”，可能丢失数据
  c:\users\chenhairong\documents\git\eazysocket\easytcpserver\server.cpp(88): note: 参见对正在编译的函数 模板 实例化“uint32_t CellStream::ReadArray<char>(T *,uint32_t)”的引用
          with
          [
              T=char
          ]
c:\users\chenhairong\documents\git\eazysocket\depends\include\cellstream.hpp(116): warning C4267: “参数”: 从“size_t”转换到“int”，可能丢失数据
  EasyTcpServer.vcxproj -> C:\Users\chenhairong\Documents\git\EazySocket\../bin/x64/Debug\EasyTcpServer.exe
