C:\Program Files (x86)\Microsoft Visual Studio\2017\Community\Common7\IDE\VC\VCTargets\Microsoft.CppBuild.targets(376,5): warning MSB8004: Intermediate 目录未以斜杠结尾。  此生成实例将添加斜杠，因为必须有这个斜杠才能正确计算 Intermediate 目录。
C:\Program Files (x86)\Microsoft Visual Studio\2017\Community\Common7\IDE\VC\VCTargets\Microsoft.CppBuild.targets(377,5): warning MSB8004: Output 目录未以斜杠结尾。  此生成实例将添加斜杠，因为必须有这个斜杠才能正确计算 Output 目录。
  main.cpp
c:\users\chenhairong\documents\git\eazysocket\depends\include\celllog.hpp(47): warning C4996: 'gmtime': This function or variable may be unsafe. Consider using gmtime_s instead. To disable deprecation, use _CRT_SECURE_NO_WARNINGS. See online help for details.
  c:\program files (x86)\windows kits\10\include\10.0.17763.0\ucrt\time.h(496): note: 参见“gmtime”的声明
c:\users\chenhairong\documents\git\eazysocket\depends\include\celllog.hpp(87): warning C4996: 'fopen': This function or variable may be unsafe. Consider using fopen_s instead. To disable deprecation, use _CRT_SECURE_NO_WARNINGS. See online help for details.
  c:\program files (x86)\windows kits\10\include\10.0.17763.0\ucrt\stdio.h(208): note: 参见“fopen”的声明
c:\users\chenhairong\documents\git\eazysocket\depends\include\easytcpclient.hpp(108): warning C4244: “参数”: 从“SOCKET”转换到“int”，可能丢失数据
c:\users\chenhairong\documents\git\eazysocket\depends\include\easytcpclient.hpp(111): warning C4244: “参数”: 从“SOCKET”转换到“int”，可能丢失数据
c:\users\chenhairong\documents\git\eazysocket\depends\include\cellobjectpool.hpp(62): warning C4267: “=”: 从“size_t”转换到“int”，可能丢失数据
  c:\users\chenhairong\documents\git\eazysocket\depends\include\cellobjectpool.hpp(41): note: 编译 类 模板 成员函数 "void CELLObjectPool<T,10000>::initPool(void)" 时
          with
          [
              T=CellClient
          ]
  c:\users\chenhairong\documents\git\eazysocket\depends\include\cellobjectpool.hpp(108): note: 参见对正在编译的函数 模板 实例化“void CELLObjectPool<T,10000>::initPool(void)”的引用
          with
          [
              T=CellClient
          ]
  c:\users\chenhairong\documents\git\eazysocket\depends\include\cellobjectpool.hpp(156): note: 参见对正在编译的 类 模板 实例化 "CELLObjectPool<T,10000>" 的引用
          with
          [
              T=CellClient
          ]
  c:\users\chenhairong\documents\git\eazysocket\depends\include\cellobjectpool.hpp(155): note: 编译 类 模板 成员函数 "void ObjectPoolBase<CellClient,10000>::operator delete(void *)" 时
  c:\users\chenhairong\documents\git\eazysocket\depends\include\easytcpclient.hpp(47): note: 参见对正在编译的函数 模板 实例化“void ObjectPoolBase<CellClient,10000>::operator delete(void *)”的引用
  c:\users\chenhairong\documents\git\eazysocket\depends\include\cellclient.hpp(20): note: 参见对正在编译的 类 模板 实例化 "ObjectPoolBase<CellClient,10000>" 的引用
c:\users\chenhairong\documents\git\eazysocket\depends\include\celllog.hpp(67): warning C4996: 'gmtime': This function or variable may be unsafe. Consider using gmtime_s instead. To disable deprecation, use _CRT_SECURE_NO_WARNINGS. See online help for details.
  c:\program files (x86)\windows kits\10\include\10.0.17763.0\ucrt\time.h(496): note: 参见“gmtime”的声明
  c:\users\chenhairong\documents\git\eazysocket\depends\include\celllog.hpp(90): note: 参见对正在编译的函数 模板 实例化“void CellLog::Info<const char*,const char*>(const char *,const char *,const char *)”的引用
    正在创建库 C:\Users\chenhairong\Documents\git\EazySocket\../bin/x64/Release\CppNetworkDll.lib 和对象 C:\Users\chenhairong\Documents\git\EazySocket\../bin/x64/Release\CppNetworkDll.exp
  正在生成代码
  All 487 functions were compiled because no usable IPDB/IOBJ from previous compilation was found.
  已完成代码的生成
  CppNetworkDll.vcxproj -> C:\Users\chenhairong\Documents\git\EazySocket\../bin/x64/Release\CppNetworkDll.dll
