C:\Program Files\MSBuild\Microsoft.Cpp\v4.0\V140\Microsoft.CppBuild.targets(367,5): warning MSB8004: Intermediate Directory does not end with a trailing slash.  This build instance will add the slash as it is required to allow proper evaluation of the Intermediate Directory.
C:\Program Files\MSBuild\Microsoft.Cpp\v4.0\V140\Microsoft.CppBuild.targets(368,5): warning MSB8004: Output Directory does not end with a trailing slash.  This build instance will add the slash as it is required to allow proper evaluation of the Output Directory.
  main.cpp
c:\users\huse\documents\cppnet100\git\eazysocket\ememory\cellobjectpool.hpp(127): warning C4477: 'printf' : format string '%x' requires an argument of type 'unsigned int', but variadic argument 1 has type 'CELLObjectPool<T,10>::NodeHeader *'
          with
          [
              T=TestOBjectPool
          ]
  c:\users\huse\documents\cppnet100\git\eazysocket\ememory\cellobjectpool.hpp(104): note: while compiling class template member function 'void *CELLObjectPool<T,10>::allocObjMemory(std::size_t)'
          with
          [
              T=TestOBjectPool
          ]
  c:\users\huse\documents\cppnet100\git\eazysocket\ememory\cellobjectpool.hpp(151): note: see reference to function template instantiation 'void *CELLObjectPool<T,10>::allocObjMemory(std::size_t)' being compiled
          with
          [
              T=TestOBjectPool
          ]
  c:\users\huse\documents\cppnet100\git\eazysocket\ememory\cellobjectpool.hpp(156): note: see reference to class template instantiation 'CELLObjectPool<T,10>' being compiled
          with
          [
              T=TestOBjectPool
          ]
  c:\users\huse\documents\cppnet100\git\eazysocket\ememory\cellobjectpool.hpp(155): note: while compiling class template member function 'void ObjectPoolBase<TestOBjectPool,10>::operator delete(void *)'
  c:\users\huse\documents\cppnet100\git\eazysocket\ememory\main.cpp(74): note: see reference to function template instantiation 'void ObjectPoolBase<TestOBjectPool,10>::operator delete(void *)' being compiled
  c:\users\huse\documents\cppnet100\git\eazysocket\ememory\main.cpp(28): note: see reference to class template instantiation 'ObjectPoolBase<TestOBjectPool,10>' being compiled
  EMemory.vcxproj -> C:\Users\huse\Documents\CppNet100\git\EazySocket\../bin/Win32/Debug\EMemory.exe
  EMemory.vcxproj -> C:\Users\huse\Documents\CppNet100\git\EazySocket\../bin/Win32/Debug\EMemory.pdb (Full PDB)
