C:\Program Files (x86)\Microsoft Visual Studio\2017\Community\Common7\IDE\VC\VCTargets\Microsoft.CppBuild.targets(376,5): warning MSB8004: Intermediate 目录未以斜杠结尾。  此生成实例将添加斜杠，因为必须有这个斜杠才能正确计算 Intermediate 目录。
C:\Program Files (x86)\Microsoft Visual Studio\2017\Community\Common7\IDE\VC\VCTargets\Microsoft.CppBuild.targets(377,5): warning MSB8004: Output 目录未以斜杠结尾。  此生成实例将添加斜杠，因为必须有这个斜杠才能正确计算 Output 目录。
  main.cpp
c:\users\chenhairong\documents\git\eazysocket\depends\include\celllog.hpp(47): warning C4996: 'gmtime': This function or variable may be unsafe. Consider using gmtime_s instead. To disable deprecation, use _CRT_SECURE_NO_WARNINGS. See online help for details.
  c:\program files (x86)\windows kits\10\include\10.0.17763.0\ucrt\time.h(496): note: 参见“gmtime”的声明
c:\users\chenhairong\documents\git\eazysocket\depends\include\celllog.hpp(87): warning C4996: 'fopen': This function or variable may be unsafe. Consider using fopen_s instead. To disable deprecation, use _CRT_SECURE_NO_WARNINGS. See online help for details.
  c:\program files (x86)\windows kits\10\include\10.0.17763.0\ucrt\stdio.h(208): note: 参见“fopen”的声明
c:\users\chenhairong\documents\git\eazysocket\depends\include\easytcpclient.hpp(108): warning C4244: “参数”: 从“SOCKET”转换到“int”，可能丢失数据
c:\users\chenhairong\documents\git\eazysocket\depends\include\easytcpclient.hpp(111): warning C4244: “参数”: 从“SOCKET”转换到“int”，可能丢失数据
c:\users\chenhairong\documents\git\eazysocket\depends\include\cellmsgstream.hpp(65): warning C4267: “参数”: 从“size_t”转换到“uint32_t”，可能丢失数据
c:\users\chenhairong\documents\git\eazysocket\depends\include\cellmsgstream.hpp(70): warning C4267: “参数”: 从“size_t”转换到“uint32_t”，可能丢失数据
c:\users\chenhairong\documents\git\eazysocket\depends\include\celllog.hpp(67): warning C4996: 'gmtime': This function or variable may be unsafe. Consider using gmtime_s instead. To disable deprecation, use _CRT_SECURE_NO_WARNINGS. See online help for details.
  c:\program files (x86)\windows kits\10\include\10.0.17763.0\ucrt\time.h(496): note: 参见“gmtime”的声明
  c:\users\chenhairong\documents\git\eazysocket\depends\include\celllog.hpp(90): note: 参见对正在编译的函数 模板 实例化“void CellLog::Info<const char*,const char*>(const char *,const char *,const char *)”的引用
c:\users\chenhairong\documents\git\eazysocket\depends\include\cellstream.hpp(80): warning C4267: “参数”: 从“size_t”转换到“int”，可能丢失数据
  c:\users\chenhairong\documents\git\eazysocket\depends\include\cellstream.hpp(128): note: 参见对正在编译的函数 模板 实例化“bool CellStream::Read<int8_t>(T &,bool)”的引用
          with
          [
              T=int8_t
          ]
c:\users\chenhairong\documents\git\eazysocket\depends\include\cellstream.hpp(86): warning C4267: “参数”: 从“size_t”转换到“int”，可能丢失数据
c:\users\chenhairong\documents\git\eazysocket\depends\include\cellstream.hpp(215): warning C4267: “参数”: 从“size_t”转换到“int”，可能丢失数据
  c:\users\chenhairong\documents\git\eazysocket\depends\include\cellstream.hpp(248): note: 参见对正在编译的函数 模板 实例化“bool CellStream::Write<int8_t>(T)”的引用
          with
          [
              T=int8_t
          ]
c:\users\chenhairong\documents\git\eazysocket\depends\include\cellstream.hpp(220): warning C4267: “参数”: 从“size_t”转换到“int”，可能丢失数据
c:\users\chenhairong\documents\git\eazysocket\depends\include\cellstream.hpp(232): warning C4267: “参数”: 从“size_t”转换到“int”，可能丢失数据
  c:\users\chenhairong\documents\git\eazysocket\depends\include\cellmsgstream.hpp(60): note: 参见对正在编译的函数 模板 实例化“bool CellStream::WriteArray<const char>(T *,uint32_t)”的引用
          with
          [
              T=const char
          ]
c:\users\chenhairong\documents\git\eazysocket\depends\include\cellstream.hpp(239): warning C4267: “参数”: 从“size_t”转换到“int”，可能丢失数据
    正在创建库 C:\Users\chenhairong\Documents\git\EazySocket\../bin/x64/Debug\CppNetworkDll.lib 和对象 C:\Users\chenhairong\Documents\git\EazySocket\../bin/x64/Debug\CppNetworkDll.exp
  CppNetworkDll.vcxproj -> C:\Users\chenhairong\Documents\git\EazySocket\../bin/x64/Debug\CppNetworkDll.dll
