C:\Program Files\MSBuild\Microsoft.Cpp\v4.0\V140\Microsoft.CppBuild.targets(367,5): warning MSB8004: Intermediate Directory does not end with a trailing slash.  This build instance will add the slash as it is required to allow proper evaluation of the Intermediate Directory.
C:\Program Files\MSBuild\Microsoft.Cpp\v4.0\V140\Microsoft.CppBuild.targets(368,5): warning MSB8004: Output Directory does not end with a trailing slash.  This build instance will add the slash as it is required to allow proper evaluation of the Output Directory.
  server.cpp
c:\users\huse\documents\cppnet100\git\eazysocket\depends\include\celllog.hpp(47): warning C4996: 'gmtime': This function or variable may be unsafe. Consider using gmtime_s instead. To disable deprecation, use _CRT_SECURE_NO_WARNINGS. See online help for details.
  c:\program files\windows kits\10\include\10.0.10240.0\ucrt\time.h(495): note: see declaration of 'gmtime'
c:\users\huse\documents\cppnet100\git\eazysocket\depends\include\celllog.hpp(87): warning C4996: 'fopen': This function or variable may be unsafe. Consider using fopen_s instead. To disable deprecation, use _CRT_SECURE_NO_WARNINGS. See online help for details.
  c:\program files\windows kits\10\include\10.0.10240.0\ucrt\stdio.h(205): note: see declaration of 'fopen'
c:\users\huse\documents\cppnet100\git\eazysocket\easytcpserver\server.cpp(26): warning C4996: 'scanf': This function or variable may be unsafe. Consider using scanf_s instead. To disable deprecation, use _CRT_SECURE_NO_WARNINGS. See online help for details.
  c:\program files\windows kits\10\include\10.0.10240.0\ucrt\stdio.h(1270): note: see declaration of 'scanf'
c:\users\huse\documents\cppnet100\git\eazysocket\easytcpserver\server.cpp(148): warning C4996: 'scanf': This function or variable may be unsafe. Consider using scanf_s instead. To disable deprecation, use _CRT_SECURE_NO_WARNINGS. See online help for details.
  c:\program files\windows kits\10\include\10.0.10240.0\ucrt\stdio.h(1270): note: see declaration of 'scanf'
c:\users\huse\documents\cppnet100\git\eazysocket\depends\include\cellobjectpool.hpp(127): warning C4477: 'printf' : format string '%x' requires an argument of type 'unsigned int', but variadic argument 1 has type 'CELLObjectPool<T,10000>::NodeHeader *'
          with
          [
              T=CellClient
          ]
  c:\users\huse\documents\cppnet100\git\eazysocket\depends\include\cellobjectpool.hpp(104): note: while compiling class template member function 'void *CELLObjectPool<T,10000>::allocObjMemory(std::size_t)'
          with
          [
              T=CellClient
          ]
  c:\users\huse\documents\cppnet100\git\eazysocket\depends\include\cellobjectpool.hpp(151): note: see reference to function template instantiation 'void *CELLObjectPool<T,10000>::allocObjMemory(std::size_t)' being compiled
          with
          [
              T=CellClient
          ]
  c:\users\huse\documents\cppnet100\git\eazysocket\depends\include\cellobjectpool.hpp(156): note: see reference to class template instantiation 'CELLObjectPool<T,10000>' being compiled
          with
          [
              T=CellClient
          ]
  c:\users\huse\documents\cppnet100\git\eazysocket\depends\include\cellobjectpool.hpp(155): note: while compiling class template member function 'void ObjectPoolBase<CellClient,10000>::operator delete(void *)'
  c:\users\huse\documents\cppnet100\git\eazysocket\depends\include\cellserver.hpp(375): note: see reference to function template instantiation 'void ObjectPoolBase<CellClient,10000>::operator delete(void *)' being compiled
  c:\users\huse\documents\cppnet100\git\eazysocket\depends\include\cellclient.hpp(19): note: see reference to class template instantiation 'ObjectPoolBase<CellClient,10000>' being compiled
c:\users\huse\documents\cppnet100\git\eazysocket\depends\include\celllog.hpp(75): warning C4996: 'gmtime': This function or variable may be unsafe. Consider using gmtime_s instead. To disable deprecation, use _CRT_SECURE_NO_WARNINGS. See online help for details.
  c:\program files\windows kits\10\include\10.0.10240.0\ucrt\time.h(495): note: see declaration of 'gmtime'
  c:\users\huse\documents\cppnet100\git\eazysocket\depends\include\celllog.hpp(90): note: see reference to function template instantiation 'void CellLog::Info<const char*,const char*>(const char *,const char *,const char *)' being compiled
  EasyTcpServer.vcxproj -> C:\Users\huse\Documents\CppNet100\git\EazySocket\../bin/Win32/Debug\EasyTcpServer.exe
  EasyTcpServer.vcxproj -> C:\Users\huse\Documents\CppNet100\git\EazySocket\../bin/Win32/Debug\EasyTcpServer.pdb (Full PDB)
